<?xml version="1.0" encoding="UTF-8"?>
<coverage generated="1712348201536" clover="3.2.0">
  <project timestamp="1712348201537" name="All files">
    <metrics statements="33" coveredstatements="24" conditionals="12" coveredconditionals="9" methods="12" coveredmethods="9" elements="57" coveredelements="42" complexity="0" loc="33" ncloc="33" packages="5" files="5" classes="5"/>
    <package name="src">
      <metrics statements="16" coveredstatements="8" conditionals="8" coveredconditionals="6" methods="5" coveredmethods="3"/>
      <file name="App.jsx" path="/Users/brandonmizutani/Projects/CodeFellows/js-401/resty/src/App.jsx">
        <metrics statements="16" coveredstatements="8" conditionals="8" coveredconditionals="6" methods="5" coveredmethods="3"/>
        <line num="15" count="1" type="stmt"/>
        <line num="17" count="2" type="stmt"/>
        <line num="33" count="2" type="stmt"/>
        <line num="39" count="2" type="cond" truecount="2" falsecount="0"/>
        <line num="43" count="1" type="cond" truecount="3" falsecount="1"/>
        <line num="45" count="0" type="stmt"/>
        <line num="47" count="0" type="stmt"/>
        <line num="49" count="0" type="stmt"/>
        <line num="50" count="0" type="stmt"/>
        <line num="52" count="0" type="stmt"/>
        <line num="69" count="0" type="stmt"/>
        <line num="73" count="0" type="stmt"/>
        <line num="74" count="0" type="stmt"/>
        <line num="78" count="2" type="stmt"/>
        <line num="89" count="1" type="stmt"/>
        <line num="95" count="2" type="stmt"/>
      </file>
    </package>
    <package name="src.Components.Footer">
      <metrics statements="2" coveredstatements="2" conditionals="0" coveredconditionals="0" methods="1" coveredmethods="1"/>
      <file name="index.jsx" path="/Users/brandonmizutani/Projects/CodeFellows/js-401/resty/src/Components/Footer/index.jsx">
        <metrics statements="2" coveredstatements="2" conditionals="0" coveredconditionals="0" methods="1" coveredmethods="1"/>
        <line num="3" count="1" type="stmt"/>
        <line num="5" count="2" type="stmt"/>
      </file>
    </package>
    <package name="src.Components.Form">
      <metrics statements="11" coveredstatements="10" conditionals="2" coveredconditionals="1" methods="4" coveredmethods="3"/>
      <file name="index.jsx" path="/Users/brandonmizutani/Projects/CodeFellows/js-401/resty/src/Components/Form/index.jsx">
        <metrics statements="11" coveredstatements="10" conditionals="2" coveredconditionals="1" methods="4" coveredmethods="3"/>
        <line num="5" count="1" type="stmt"/>
        <line num="7" count="3" type="stmt"/>
        <line num="24" count="3" type="stmt"/>
        <line num="25" count="1" type="stmt"/>
        <line num="32" count="1" type="stmt"/>
        <line num="35" count="3" type="stmt"/>
        <line num="37" count="1" type="stmt"/>
        <line num="39" count="1" type="stmt"/>
        <line num="42" count="3" type="stmt"/>
        <line num="43" count="0" type="stmt"/>
        <line num="45" count="3" type="stmt"/>
      </file>
    </package>
    <package name="src.Components.Header">
      <metrics statements="2" coveredstatements="2" conditionals="0" coveredconditionals="0" methods="1" coveredmethods="1"/>
      <file name="index.jsx" path="/Users/brandonmizutani/Projects/CodeFellows/js-401/resty/src/Components/Header/index.jsx">
        <metrics statements="2" coveredstatements="2" conditionals="0" coveredconditionals="0" methods="1" coveredmethods="1"/>
        <line num="3" count="1" type="stmt"/>
        <line num="5" count="2" type="stmt"/>
      </file>
    </package>
    <package name="src.Components.Results">
      <metrics statements="2" coveredstatements="2" conditionals="2" coveredconditionals="2" methods="1" coveredmethods="1"/>
      <file name="index.jsx" path="/Users/brandonmizutani/Projects/CodeFellows/js-401/resty/src/Components/Results/index.jsx">
        <metrics statements="2" coveredstatements="2" conditionals="2" coveredconditionals="2" methods="1" coveredmethods="1"/>
        <line num="3" count="1" type="stmt"/>
        <line num="5" count="2" type="stmt"/>
      </file>
    </package>
  </project>
</coverage>
