{"/Users/brandonmizutani/Projects/CodeFellows/js-401/resty/src/App.jsx": {"path":"/Users/brandonmizutani/Projects/CodeFellows/js-401/resty/src/App.jsx","statementMap":{"0":{"start":{"line":15,"column":12},"end":{"line":116,"column":1}},"1":{"start":{"line":17,"column":31},"end":{"line":20,"column":4}},"2":{"start":{"line":33,"column":2},"end":{"line":82,"column":16}},"3":{"start":{"line":39,"column":4},"end":{"line":39,"column":44}},"4":{"start":{"line":39,"column":37},"end":{"line":39,"column":44}},"5":{"start":{"line":43,"column":4},"end":{"line":43,"column":67}},"6":{"start":{"line":43,"column":60},"end":{"line":43,"column":67}},"7":{"start":{"line":45,"column":4},"end":{"line":78,"column":9}},"8":{"start":{"line":47,"column":18},"end":{"line":47,"column":44}},"9":{"start":{"line":49,"column":21},"end":{"line":49,"column":50}},"10":{"start":{"line":50,"column":6},"end":{"line":50,"column":30}},"11":{"start":{"line":62,"column":21},"end":{"line":62,"column":64}},"12":{"start":{"line":75,"column":6},"end":{"line":75,"column":37}},"13":{"start":{"line":79,"column":4},"end":{"line":81,"column":5}},"14":{"start":{"line":80,"column":6},"end":{"line":80,"column":40}},"15":{"start":{"line":84,"column":18},"end":{"line":96,"column":3}},"16":{"start":{"line":95,"column":4},"end":{"line":95,"column":41}},"17":{"start":{"line":101,"column":2},"end":{"line":114,"column":4}}},"fnMap":{"0":{"name":"(anonymous_0)","decl":{"start":{"line":15,"column":12},"end":{"line":15,"column":13}},"loc":{"start":{"line":15,"column":18},"end":{"line":116,"column":1}},"line":15},"1":{"name":"(anonymous_1)","decl":{"start":{"line":33,"column":12},"end":{"line":33,"column":13}},"loc":{"start":{"line":33,"column":18},"end":{"line":82,"column":3}},"line":33},"2":{"name":"(anonymous_2)","decl":{"start":{"line":45,"column":5},"end":{"line":45,"column":6}},"loc":{"start":{"line":45,"column":17},"end":{"line":78,"column":5}},"line":45},"3":{"name":"(anonymous_3)","decl":{"start":{"line":79,"column":11},"end":{"line":79,"column":12}},"loc":{"start":{"line":79,"column":17},"end":{"line":81,"column":5}},"line":79},"4":{"name":"(anonymous_4)","decl":{"start":{"line":84,"column":18},"end":{"line":84,"column":19}},"loc":{"start":{"line":84,"column":37},"end":{"line":96,"column":3}},"line":84}},"branchMap":{"0":{"loc":{"start":{"line":39,"column":4},"end":{"line":39,"column":44}},"type":"if","locations":[{"start":{"line":39,"column":4},"end":{"line":39,"column":44}},{"start":{},"end":{}}],"line":39},"1":{"loc":{"start":{"line":43,"column":4},"end":{"line":43,"column":67}},"type":"if","locations":[{"start":{"line":43,"column":4},"end":{"line":43,"column":67}},{"start":{},"end":{}}],"line":43},"2":{"loc":{"start":{"line":43,"column":8},"end":{"line":43,"column":58}},"type":"binary-expr","locations":[{"start":{"line":43,"column":8},"end":{"line":43,"column":21}},{"start":{"line":43,"column":25},"end":{"line":43,"column":58}}],"line":43},"3":{"loc":{"start":{"line":107,"column":7},"end":{"line":107,"column":84}},"type":"binary-expr","locations":[{"start":{"line":107,"column":7},"end":{"line":107,"column":34}},{"start":{"line":107,"column":38},"end":{"line":107,"column":84}}],"line":107},"4":{"loc":{"start":{"line":110,"column":7},"end":{"line":110,"column":80}},"type":"binary-expr","locations":[{"start":{"line":110,"column":7},"end":{"line":110,"column":44}},{"start":{"line":110,"column":48},"end":{"line":110,"column":80}}],"line":110}},"s":{"0":1,"1":4,"2":4,"3":4,"4":3,"5":1,"6":0,"7":1,"8":1,"9":1,"10":1,"11":1,"12":0,"13":1,"14":1,"15":4,"16":2,"17":4},"f":{"0":4,"1":4,"2":1,"3":1,"4":2},"b":{"0":[3,1],"1":[0,1],"2":[1,1],"3":[4,1],"4":[4,0]},"_coverageSchema":"1a1c01bbd47fc00a2c39e90264f33305004495a9","hash":"bced13f3e28a3916cb1d32226c228108b3dc7dcc"}
,"/Users/brandonmizutani/Projects/CodeFellows/js-401/resty/src/Components/Footer/index.jsx": {"path":"/Users/brandonmizutani/Projects/CodeFellows/js-401/resty/src/Components/Footer/index.jsx","statementMap":{"0":{"start":{"line":3,"column":15},"end":{"line":7,"column":1}},"1":{"start":{"line":5,"column":4},"end":{"line":5,"column":41}}},"fnMap":{"0":{"name":"(anonymous_0)","decl":{"start":{"line":3,"column":15},"end":{"line":3,"column":16}},"loc":{"start":{"line":3,"column":20},"end":{"line":7,"column":1}},"line":3}},"branchMap":{},"s":{"0":1,"1":4},"f":{"0":4},"b":{},"_coverageSchema":"1a1c01bbd47fc00a2c39e90264f33305004495a9","hash":"fe7ef39db2f8adde15770c41ac4f768d5110fd34"}
,"/Users/brandonmizutani/Projects/CodeFellows/js-401/resty/src/Components/Form/index.jsx": {"path":"/Users/brandonmizutani/Projects/CodeFellows/js-401/resty/src/Components/Form/index.jsx","statementMap":{"0":{"start":{"line":5,"column":13},"end":{"line":94,"column":1}},"1":{"start":{"line":7,"column":34},"end":{"line":11,"column":4}},"2":{"start":{"line":24,"column":23},"end":{"line":33,"column":3}},"3":{"start":{"line":25,"column":4},"end":{"line":25,"column":23}},"4":{"start":{"line":32,"column":4},"end":{"line":32,"column":34}},"5":{"start":{"line":35,"column":26},"end":{"line":40,"column":3}},"6":{"start":{"line":37,"column":26},"end":{"line":37,"column":34}},"7":{"start":{"line":39,"column":4},"end":{"line":39,"column":45}},"8":{"start":{"line":42,"column":28},"end":{"line":44,"column":3}},"9":{"start":{"line":43,"column":4},"end":{"line":43,"column":67}},"10":{"start":{"line":45,"column":4},"end":{"line":92,"column":6}}},"fnMap":{"0":{"name":"(anonymous_0)","decl":{"start":{"line":5,"column":13},"end":{"line":5,"column":14}},"loc":{"start":{"line":5,"column":23},"end":{"line":94,"column":1}},"line":5},"1":{"name":"(anonymous_1)","decl":{"start":{"line":24,"column":23},"end":{"line":24,"column":24}},"loc":{"start":{"line":24,"column":30},"end":{"line":33,"column":3}},"line":24},"2":{"name":"(anonymous_2)","decl":{"start":{"line":35,"column":26},"end":{"line":35,"column":27}},"loc":{"start":{"line":35,"column":33},"end":{"line":40,"column":3}},"line":35},"3":{"name":"(anonymous_3)","decl":{"start":{"line":42,"column":28},"end":{"line":42,"column":29}},"loc":{"start":{"line":42,"column":35},"end":{"line":44,"column":3}},"line":42}},"branchMap":{"0":{"loc":{"start":{"line":71,"column":11},"end":{"line":85,"column":14}},"type":"binary-expr","locations":[{"start":{"line":71,"column":11},"end":{"line":71,"column":52}},{"start":{"line":72,"column":10},"end":{"line":85,"column":14}}],"line":71}},"s":{"0":1,"1":7,"2":7,"3":2,"4":2,"5":7,"6":2,"7":2,"8":7,"9":1,"10":7},"f":{"0":7,"1":2,"2":2,"3":1},"b":{"0":[7,3]},"_coverageSchema":"1a1c01bbd47fc00a2c39e90264f33305004495a9","hash":"c8c3fc4bc8ead249ed6fc6617f97c40e824007e0"}
,"/Users/brandonmizutani/Projects/CodeFellows/js-401/resty/src/Components/Header/index.jsx": {"path":"/Users/brandonmizutani/Projects/CodeFellows/js-401/resty/src/Components/Header/index.jsx","statementMap":{"0":{"start":{"line":3,"column":15},"end":{"line":11,"column":1}},"1":{"start":{"line":5,"column":4},"end":{"line":9,"column":6}}},"fnMap":{"0":{"name":"(anonymous_0)","decl":{"start":{"line":3,"column":15},"end":{"line":3,"column":16}},"loc":{"start":{"line":3,"column":21},"end":{"line":11,"column":1}},"line":3}},"branchMap":{},"s":{"0":1,"1":4},"f":{"0":4},"b":{},"_coverageSchema":"1a1c01bbd47fc00a2c39e90264f33305004495a9","hash":"b9511ccf5966bef546b49b5cda6cd5ddd69d7883"}
,"/Users/brandonmizutani/Projects/CodeFellows/js-401/resty/src/Components/Results/index.jsx": {"path":"/Users/brandonmizutani/Projects/CodeFellows/js-401/resty/src/Components/Results/index.jsx","statementMap":{"0":{"start":{"line":3,"column":16},"end":{"line":11,"column":1}},"1":{"start":{"line":5,"column":4},"end":{"line":9,"column":6}}},"fnMap":{"0":{"name":"(anonymous_0)","decl":{"start":{"line":3,"column":16},"end":{"line":3,"column":17}},"loc":{"start":{"line":3,"column":27},"end":{"line":11,"column":1}},"line":3}},"branchMap":{"0":{"loc":{"start":{"line":7,"column":14},"end":{"line":7,"column":74}},"type":"cond-expr","locations":[{"start":{"line":7,"column":27},"end":{"line":7,"column":67}},{"start":{"line":7,"column":70},"end":{"line":7,"column":74}}],"line":7}},"s":{"0":1,"1":0},"f":{"0":0},"b":{"0":[0,0]},"_coverageSchema":"1a1c01bbd47fc00a2c39e90264f33305004495a9","hash":"888a758a306e00e4349a5c32eeb5c1fb1d69e621"}
}
