TN:
SF:src/App.jsx
FN:15,(anonymous_0)
FN:33,(anonymous_1)
FN:45,(anonymous_2)
FN:73,(anonymous_3)
FN:78,(anonymous_4)
FNF:5
FNH:3
FNDA:2,(anonymous_0)
FNDA:2,(anonymous_1)
FNDA:0,(anonymous_2)
FNDA:0,(anonymous_3)
FNDA:1,(anonymous_4)
DA:15,1
DA:17,2
DA:33,2
DA:39,2
DA:43,1
DA:45,0
DA:47,0
DA:49,0
DA:50,0
DA:52,0
DA:69,0
DA:73,0
DA:74,0
DA:78,2
DA:89,1
DA:95,2
LF:16
LH:8
BRDA:39,0,0,1
BRDA:39,0,1,1
BRDA:43,1,0,1
BRDA:43,1,1,0
BRDA:43,2,0,1
BRDA:43,2,1,1
BRDA:101,3,0,2
BRDA:101,3,1,0
BRF:8
BRH:6
end_of_record
TN:
SF:src/Components/Footer/index.jsx
FN:3,(anonymous_0)
FNF:1
FNH:1
FNDA:2,(anonymous_0)
DA:3,1
DA:5,2
LF:2
LH:2
BRF:0
BRH:0
end_of_record
TN:
SF:src/Components/Form/index.jsx
FN:5,(anonymous_0)
FN:24,(anonymous_1)
FN:35,(anonymous_2)
FN:42,(anonymous_3)
FNF:4
FNH:3
FNDA:3,(anonymous_0)
FNDA:1,(anonymous_1)
FNDA:1,(anonymous_2)
FNDA:0,(anonymous_3)
DA:5,1
DA:7,3
DA:24,3
DA:25,1
DA:32,1
DA:35,3
DA:37,1
DA:39,1
DA:42,3
DA:43,0
DA:45,3
LF:11
LH:10
BRDA:71,0,0,3
BRDA:71,0,1,0
BRF:2
BRH:1
end_of_record
TN:
SF:src/Components/Header/index.jsx
FN:3,(anonymous_0)
FNF:1
FNH:1
FNDA:2,(anonymous_0)
DA:3,1
DA:5,2
LF:2
LH:2
BRF:0
BRH:0
end_of_record
TN:
SF:src/Components/Results/index.jsx
FN:3,(anonymous_0)
FNF:1
FNH:1
FNDA:2,(anonymous_0)
DA:3,1
DA:5,2
LF:2
LH:2
BRDA:7,0,0,1
BRDA:7,0,1,1
BRF:2
BRH:2
end_of_record
