TN:
SF:src/App.jsx
FN:24,(anonymous_0)
FN:43,(anonymous_1)
FN:48,(anonymous_2)
FN:57,(anonymous_3)
FN:65,(anonymous_4)
FN:80,(anonymous_5)
FN:102,(anonymous_6)
FNF:7
FNH:6
FNDA:2,(anonymous_0)
FNDA:4,(anonymous_1)
FNDA:2,(anonymous_2)
FNDA:0,(anonymous_3)
FNDA:4,(anonymous_4)
FNDA:1,(anonymous_5)
FNDA:1,(anonymous_6)
DA:12,1
DA:24,1
DA:27,2
DA:29,2
DA:31,0
DA:33,0
DA:35,0
DA:43,1
DA:44,4
DA:48,4
DA:49,2
DA:50,2
DA:54,2
DA:57,4
DA:58,0
DA:62,0
DA:65,4
DA:78,4
DA:79,4
DA:80,1
DA:83,1
DA:85,1
DA:86,1
DA:88,1
DA:91,0
DA:93,0
DA:99,0
DA:102,1
DA:103,1
DA:110,4
LF:30
LH:22
BRDA:27,0,0,2
BRDA:27,0,1,0
BRDA:27,0,2,0
BRDA:27,0,3,0
BRDA:79,1,0,1
BRDA:79,1,1,3
BRDA:79,2,0,4
BRDA:79,2,1,4
BRDA:79,2,2,2
BRDA:116,3,0,4
BRDA:116,3,1,1
BRF:11
BRH:8
end_of_record
TN:
SF:src/Components/Footer/index.jsx
FN:3,(anonymous_0)
FNF:1
FNH:1
FNDA:4,(anonymous_0)
DA:3,1
DA:5,4
LF:2
LH:2
BRF:0
BRH:0
end_of_record
TN:
SF:src/Components/Form/index.jsx
FN:5,(anonymous_0)
FN:24,(anonymous_1)
FN:35,(anonymous_2)
FN:42,(anonymous_3)
FN:46,(anonymous_4)
FNF:5
FNH:5
FNDA:7,(anonymous_0)
FNDA:2,(anonymous_1)
FNDA:1,(anonymous_2)
FNDA:1,(anonymous_3)
FNDA:1,(anonymous_4)
DA:5,1
DA:7,7
DA:24,7
DA:25,2
DA:32,2
DA:35,7
DA:37,1
DA:39,1
DA:42,7
DA:43,1
DA:46,7
DA:47,1
DA:49,7
LF:13
LH:13
BRDA:75,0,0,7
BRDA:75,0,1,3
BRF:2
BRH:2
end_of_record
TN:
SF:src/Components/Header/index.jsx
FN:3,(anonymous_0)
FNF:1
FNH:1
FNDA:4,(anonymous_0)
DA:3,1
DA:5,4
LF:2
LH:2
BRF:0
BRH:0
end_of_record
TN:
SF:src/Components/History/index.jsx
FN:3,(anonymous_0)
FN:7,(anonymous_1)
FNF:2
FNH:1
FNDA:4,(anonymous_0)
FNDA:0,(anonymous_1)
DA:3,1
DA:4,4
DA:5,4
DA:7,0
LF:4
LH:3
BRF:0
BRH:0
end_of_record
TN:
SF:src/Components/Results/index.jsx
FN:3,(anonymous_0)
FNF:1
FNH:1
FNDA:4,(anonymous_0)
DA:3,1
DA:5,4
LF:2
LH:2
BRDA:7,0,0,4
BRDA:7,0,1,0
BRF:2
BRH:1
end_of_record
TN:
SF:src/Components/TestComponent/index.jsx
FN:3,(anonymous_0)
FNF:1
FNH:1
FNDA:3,(anonymous_0)
DA:3,1
DA:4,3
LF:2
LH:2
BRF:0
BRH:0
end_of_record
